# JRE version: OpenJDK Runtime Environment Temurin-17.0.11+9 (17.0.11+9) (build 17.0.11+9)
# Java VM: OpenJDK 64-Bit Server VM Temurin-17.0.11+9 (17.0.11+9, mixed mode, emulated-client, tiered, compressed oops, compressed class ptrs, g1 gc, windows-amd64)
GC Precious Log:
 CPUs: 4 total, 4 available
 Memory: 8072M
 Large Page Support: Disabled
 NUMA Support: Disabled
 Compressed Oops: Enabled (32-bit)
 Heap Region Size: 1M
 Heap Min Capacity: 8M
 Heap Initial Capacity: 128M
 Heap Max Capacity: 2020M
 Pre-touch: Disabled
 Parallel Workers: 4
 Concurrent Workers: 1
 Concurrent Refinement Workers: 4
 Periodic GC: Disabled
Heap:
 garbage-first heap   total 71680K, used 51364K [0x0000000081c00000, 0x0000000100000000)
  region size 1024K, 26 young (26624K), 3 survivors (3072K)
 Metaspace       used 68817K, committed 69440K, reserved 1114112K
  class space    used 9233K, committed 9536K, reserved 1048576K
GC Heap History (20 events):
Event: 5643.597 GC heap before
{Heap before GC invocations=44 (full 2):
 garbage-first heap   total 71680K, used 56728K [0x0000000081c00000, 0x0000000100000000)
  region size 1024K, 28 young (28672K), 3 survivors (3072K)
 Metaspace       used 68695K, committed 69248K, reserved 1114112K
  class space    used 9201K, committed 9472K, reserved 1048576K
}
Event: 5643.605 GC heap after
{Heap after GC invocations=45 (full 2):
 garbage-first heap   total 71680K, used 31426K [0x0000000081c00000, 0x0000000100000000)
  region size 1024K, 1 young (1024K), 1 survivors (1024K)
 Metaspace       used 68695K, committed 69248K, reserved 1114112K
  class space    used 9201K, committed 9472K, reserved 1048576K
}
Event: 6072.218 GC heap before
{Heap before GC invocations=45 (full 2):
 garbage-first heap   total 71680K, used 57026K [0x0000000081c00000, 0x0000000100000000)
  region size 1024K, 26 young (26624K), 1 survivors (1024K)
 Metaspace       used 68695K, committed 69248K, reserved 1114112K
  class space    used 9201K, committed 9472K, reserved 1048576K
}
Event: 6072.220 GC heap after
{Heap after GC invocations=46 (full 2):
 garbage-first heap   total 71680K, used 31453K [0x0000000081c00000, 0x0000000100000000)
  region size 1024K, 1 young (1024K), 1 survivors (1024K)
 Metaspace       used 68695K, committed 69248K, reserved 1114112K
  class space    used 9201K, committed 9472K, reserved 1048576K
}
Event: 6514.860 GC heap before
{Heap before GC invocations=47 (full 2):
 garbage-first heap   total 71680K, used 57053K [0x0000000081c00000, 0x0000000100000000)
  region size 1024K, 27 young (27648K), 1 survivors (1024K)
 Metaspace       used 68662K, committed 69248K, reserved 1114112K
  class space    used 9194K, committed 9472K, reserved 1048576K
}
Event: 6514.862 GC heap after
{Heap after GC invocations=48 (full 2):
 garbage-first heap   total 71680K, used 31289K [0x0000000081c00000, 0x0000000100000000)
  region size 1024K, 1 young (1024K), 1 survivors (1024K)
 Metaspace       used 68662K, committed 69248K, reserved 1114112K
  class space    used 9194K, committed 9472K, reserved 1048576K
}
Event: 6549.719 GC heap before
{Heap before GC invocations=48 (full 2):
 garbage-first heap   total 71680K, used 33337K [0x0000000081c00000, 0x0000000100000000)
  region size 1024K, 3 young (3072K), 1 survivors (1024K)
 Metaspace       used 68662K, committed 69248K, reserved 1114112K
  class space    used 9194K, committed 9472K, reserved 1048576K
}
Event: 6549.724 GC heap after
{Heap after GC invocations=49 (full 2):
 garbage-first heap   total 71680K, used 27767K [0x0000000081c00000, 0x0000000100000000)
  region size 1024K, 1 young (1024K), 1 survivors (1024K)
 Metaspace       used 68662K, committed 69248K, reserved 1114112K
  class space    used 9194K, committed 9472K, reserved 1048576K
}
Event: 6582.758 GC heap before
{Heap before GC invocations=49 (full 2):
 garbage-first heap   total 71680K, used 29815K [0x0000000081c00000, 0x0000000100000000)
  region size 1024K, 3 young (3072K), 1 survivors (1024K)
 Metaspace       used 68665K, committed 69248K, reserved 1114112K
  class space    used 9195K, committed 9472K, reserved 1048576K
}
Event: 6582.760 GC heap after
{Heap after GC invocations=50 (full 2):
 garbage-first heap   total 71680K, used 27440K [0x0000000081c00000, 0x0000000100000000)
  region size 1024K, 1 young (1024K), 1 survivors (1024K)
 Metaspace       used 68665K, committed 69248K, reserved 1114112K
  class space    used 9195K, committed 9472K, reserved 1048576K
}
Event: 7102.142 GC heap before
{Heap before GC invocations=50 (full 2):
 garbage-first heap   total 71680K, used 59184K [0x0000000081c00000, 0x0000000100000000)
  region size 1024K, 32 young (32768K), 1 survivors (1024K)
 Metaspace       used 68675K, committed 69248K, reserved 1114112K
  class space    used 9197K, committed 9472K, reserved 1048576K
}
Event: 7102.144 GC heap after
{Heap after GC invocations=51 (full 2):
 garbage-first heap   total 71680K, used 27719K [0x0000000081c00000, 0x0000000100000000)
  region size 1024K, 1 young (1024K), 1 survivors (1024K)
 Metaspace       used 68675K, committed 69248K, reserved 1114112K
  class space    used 9197K, committed 9472K, reserved 1048576K
}
Event: 7535.670 GC heap before
{Heap before GC invocations=52 (full 2):
 garbage-first heap   total 71680K, used 55367K [0x0000000081c00000, 0x0000000100000000)
  region size 1024K, 29 young (29696K), 1 survivors (1024K)
 Metaspace       used 68216K, committed 69120K, reserved 1114112K
  class space    used 9165K, committed 9472K, reserved 1048576K
}
Event: 7535.720 GC heap after
{Heap after GC invocations=53 (full 3):
 garbage-first heap   total 71680K, used 20261K [0x0000000081c00000, 0x0000000100000000)
  region size 1024K, 0 young (0K), 0 survivors (0K)
 Metaspace       used 68203K, committed 69120K, reserved 1114112K
  class space    used 9163K, committed 9472K, reserved 1048576K
}
Event: 7536.581 GC heap before
{Heap before GC invocations=53 (full 3):
 garbage-first heap   total 71680K, used 57125K [0x0000000081c00000, 0x0000000100000000)
  region size 1024K, 37 young (37888K), 0 survivors (0K)
 Metaspace       used 68375K, committed 69120K, reserved 1114112K
  class space    used 9191K, committed 9472K, reserved 1048576K
}
Event: 7536.586 GC heap after
{Heap after GC invocations=54 (full 3):
 garbage-first heap   total 71680K, used 23991K [0x0000000081c00000, 0x0000000100000000)
  region size 1024K, 4 young (4096K), 4 survivors (4096K)
 Metaspace       used 68375K, committed 69120K, reserved 1114112K
  class space    used 9191K, committed 9472K, reserved 1048576K
}
Event: 7537.059 GC heap before
{Heap before GC invocations=55 (full 3):
 garbage-first heap   total 71680K, used 56759K [0x0000000081c00000, 0x0000000100000000)
  region size 1024K, 36 young (36864K), 4 survivors (4096K)
 Metaspace       used 68635K, committed 69184K, reserved 1114112K
  class space    used 9214K, committed 9472K, reserved 1048576K
}
Event: 7537.065 GC heap after
{Heap after GC invocations=56 (full 3):
 garbage-first heap   total 71680K, used 26635K [0x0000000081c00000, 0x0000000100000000)
  region size 1024K, 3 young (3072K), 3 survivors (3072K)
 Metaspace       used 68635K, committed 69184K, reserved 1114112K
  class space    used 9214K, committed 9472K, reserved 1048576K
}
Event: 7537.403 GC heap before
{Heap before GC invocations=56 (full 3):
 garbage-first heap   total 71680K, used 55307K [0x0000000081c00000, 0x0000000100000000)
  region size 1024K, 31 young (31744K), 3 survivors (3072K)
 Metaspace       used 68785K, committed 69376K, reserved 1114112K
  class space    used 9230K, committed 9536K, reserved 1048576K
}
Event: 7537.409 GC heap after
{Heap after GC invocations=57 (full 3):
 garbage-first heap   total 71680K, used 28836K [0x0000000081c00000, 0x0000000100000000)
  region size 1024K, 3 young (3072K), 3 survivors (3072K)
 Metaspace       used 68785K, committed 69376K, reserved 1114112K
  class space    used 9230K, committed 9536K, reserved 1048576K
}

